<?xml version="1.0" encoding="UTF-8"?>
<testng-results skipped="0" failed="0" total="21" passed="21">
  <reporter-output>
  </reporter-output>
  <suite name="Default suite" duration-ms="56480" started-at="2016-11-05T18:08:05Z" finished-at="2016-11-05T18:09:01Z">
    <groups>
    </groups>
    <test name="Default test" duration-ms="56480" started-at="2016-11-05T18:08:05Z" finished-at="2016-11-05T18:09:01Z">
      <class name="Login.testLogin">
        <test-method status="PASS" signature="openBrowser()[pri:0, instance:Login.testLogin@6e1ec318]" name="openBrowser" is-config="true" duration-ms="6456" started-at="2016-11-05T14:08:05Z" finished-at="2016-11-05T14:08:11Z">
          <reporter-output>
          </reporter-output>
        </test-method> <!-- openBrowser -->
        <test-method status="PASS" signature="testValidLogin()[pri:0, instance:Login.testLogin@6e1ec318]" name="testValidLogin" duration-ms="5161" started-at="2016-11-05T14:08:11Z" finished-at="2016-11-05T14:08:16Z">
          <reporter-output>
          </reporter-output>
        </test-method> <!-- testValidLogin -->
        <test-method status="PASS" signature="testInvalidLogin(java.lang.String, java.lang.String, java.lang.String)[pri:1, instance:Login.testLogin@6e1ec318]" name="testInvalidLogin" duration-ms="2205" started-at="2016-11-05T14:08:16Z" data-provider="InvalidData" finished-at="2016-11-05T14:08:18Z">
          <params>
            <param index="0">
              <value>
                <![CDATA[smurphy.qa@ingramcontent.com]]>
              </value>
            </param>
            <param index="1">
              <value>
                <![CDATA[Ingramqa1]]>
              </value>
            </param>
            <param index="2">
              <value>
                <![CDATA[Invalid password]]>
              </value>
            </param>
          </params>
          <reporter-output>
          </reporter-output>
        </test-method> <!-- testInvalidLogin -->
        <test-method status="PASS" signature="testInvalidLogin(java.lang.String, java.lang.String, java.lang.String)[pri:1, instance:Login.testLogin@6e1ec318]" name="testInvalidLogin" duration-ms="2209" started-at="2016-11-05T14:08:18Z" data-provider="InvalidData" finished-at="2016-11-05T14:08:21Z">
          <params>
            <param index="0">
              <value>
                <![CDATA[murphy.qa@ingramcontent.com]]>
              </value>
            </param>
            <param index="1">
              <value>
                <![CDATA[Ingramqa!1]]>
              </value>
            </param>
            <param index="2">
              <value>
                <![CDATA[Wrong Email]]>
              </value>
            </param>
          </params>
          <reporter-output>
          </reporter-output>
        </test-method> <!-- testInvalidLogin -->
        <test-method status="PASS" signature="testInvalidLogin(java.lang.String, java.lang.String, java.lang.String)[pri:1, instance:Login.testLogin@6e1ec318]" name="testInvalidLogin" duration-ms="2489" started-at="2016-11-05T14:08:21Z" data-provider="InvalidData" finished-at="2016-11-05T14:08:23Z">
          <params>
            <param index="0">
              <value>
                <![CDATA[murphy.qa@ingramcontent.com]]>
              </value>
            </param>
            <param index="1">
              <value>
                <![CDATA[Ingramqa1]]>
              </value>
            </param>
            <param index="2">
              <value>
                <![CDATA[Wrong Email and PW]]>
              </value>
            </param>
          </params>
          <reporter-output>
          </reporter-output>
        </test-method> <!-- testInvalidLogin -->
        <test-method status="PASS" signature="testInvalidLogin(java.lang.String, java.lang.String, java.lang.String)[pri:1, instance:Login.testLogin@6e1ec318]" name="testInvalidLogin" duration-ms="1122" started-at="2016-11-05T14:08:23Z" data-provider="InvalidData" finished-at="2016-11-05T14:08:24Z">
          <params>
            <param index="0">
              <value>
                <![CDATA[]]>
              </value>
            </param>
            <param index="1">
              <value>
                <![CDATA[]]>
              </value>
            </param>
            <param index="2">
              <value>
                <![CDATA[Empty email and password]]>
              </value>
            </param>
          </params>
          <reporter-output>
          </reporter-output>
        </test-method> <!-- testInvalidLogin -->
        <test-method status="PASS" signature="testInvalidLogin(java.lang.String, java.lang.String, java.lang.String)[pri:1, instance:Login.testLogin@6e1ec318]" name="testInvalidLogin" duration-ms="1153" started-at="2016-11-05T14:08:24Z" data-provider="InvalidData" finished-at="2016-11-05T14:08:25Z">
          <params>
            <param index="0">
              <value>
                <![CDATA[smurphy.qa@ingramcontent.com]]>
              </value>
            </param>
            <param index="1">
              <value>
                <![CDATA[]]>
              </value>
            </param>
            <param index="2">
              <value>
                <![CDATA[Empty Password]]>
              </value>
            </param>
          </params>
          <reporter-output>
          </reporter-output>
        </test-method> <!-- testInvalidLogin -->
        <test-method status="PASS" signature="testInvalidLogin(java.lang.String, java.lang.String, java.lang.String)[pri:1, instance:Login.testLogin@6e1ec318]" name="testInvalidLogin" duration-ms="1108" started-at="2016-11-05T14:08:25Z" data-provider="InvalidData" finished-at="2016-11-05T14:08:26Z">
          <params>
            <param index="0">
              <value>
                <![CDATA[]]>
              </value>
            </param>
            <param index="1">
              <value>
                <![CDATA[Ingramqa!1]]>
              </value>
            </param>
            <param index="2">
              <value>
                <![CDATA[empty email]]>
              </value>
            </param>
          </params>
          <reporter-output>
          </reporter-output>
        </test-method> <!-- testInvalidLogin -->
        <test-method status="PASS" signature="testInvalidLogin(java.lang.String, java.lang.String, java.lang.String)[pri:1, instance:Login.testLogin@6e1ec318]" name="testInvalidLogin" duration-ms="2664" started-at="2016-11-05T14:08:26Z" data-provider="InvalidData" finished-at="2016-11-05T14:08:29Z">
          <params>
            <param index="0">
              <value>
                <![CDATA[SMURPHY.QA@INGRAMCONTENT.COM]]>
              </value>
            </param>
            <param index="1">
              <value>
                <![CDATA[Ingramqa!1]]>
              </value>
            </param>
            <param index="2">
              <value>
                <![CDATA[Email on CAPS]]>
              </value>
            </param>
          </params>
          <reporter-output>
          </reporter-output>
        </test-method> <!-- testInvalidLogin -->
        <test-method status="PASS" signature="testInvalidLogin(java.lang.String, java.lang.String, java.lang.String)[pri:1, instance:Login.testLogin@6e1ec318]" name="testInvalidLogin" duration-ms="2367" started-at="2016-11-05T14:08:29Z" data-provider="InvalidData" finished-at="2016-11-05T14:08:32Z">
          <params>
            <param index="0">
              <value>
                <![CDATA[smurphy.qa@ingramcontent.com]]>
              </value>
            </param>
            <param index="1">
              <value>
                <![CDATA[INGRAMQA!1]]>
              </value>
            </param>
            <param index="2">
              <value>
                <![CDATA[Password on CAPS]]>
              </value>
            </param>
          </params>
          <reporter-output>
          </reporter-output>
        </test-method> <!-- testInvalidLogin -->
        <test-method status="PASS" signature="testInvalidLogin(java.lang.String, java.lang.String, java.lang.String)[pri:1, instance:Login.testLogin@6e1ec318]" name="testInvalidLogin" duration-ms="2459" started-at="2016-11-05T14:08:32Z" data-provider="InvalidData" finished-at="2016-11-05T14:08:34Z">
          <params>
            <param index="0">
              <value>
                <![CDATA[SMURPHY.QA@INGRAMCONTENT.COM]]>
              </value>
            </param>
            <param index="1">
              <value>
                <![CDATA[INGRAMQA!1]]>
              </value>
            </param>
            <param index="2">
              <value>
                <![CDATA[Email and PW on CAPS]]>
              </value>
            </param>
          </params>
          <reporter-output>
          </reporter-output>
        </test-method> <!-- testInvalidLogin -->
        <test-method status="PASS" signature="testInvalidLogin(java.lang.String, java.lang.String, java.lang.String)[pri:1, instance:Login.testLogin@6e1ec318]" name="testInvalidLogin" duration-ms="2630" started-at="2016-11-05T14:08:34Z" data-provider="InvalidData" finished-at="2016-11-05T14:08:37Z">
          <params>
            <param index="0">
              <value>
                <![CDATA[smurph y.qa@ingramcontent.com]]>
              </value>
            </param>
            <param index="1">
              <value>
                <![CDATA[Ingramqa!1]]>
              </value>
            </param>
            <param index="2">
              <value>
                <![CDATA[Email with a space anywhere in the middle]]>
              </value>
            </param>
          </params>
          <reporter-output>
          </reporter-output>
        </test-method> <!-- testInvalidLogin -->
        <test-method status="PASS" signature="testInvalidLogin(java.lang.String, java.lang.String, java.lang.String)[pri:1, instance:Login.testLogin@6e1ec318]" name="testInvalidLogin" duration-ms="2431" started-at="2016-11-05T14:08:37Z" data-provider="InvalidData" finished-at="2016-11-05T14:08:39Z">
          <params>
            <param index="0">
              <value>
                <![CDATA[smurphy.qa@ingramcontent.com]]>
              </value>
            </param>
            <param index="1">
              <value>
                <![CDATA[Ingram qa!1]]>
              </value>
            </param>
            <param index="2">
              <value>
                <![CDATA[Password with a space anywhere in the middle]]>
              </value>
            </param>
          </params>
          <reporter-output>
          </reporter-output>
        </test-method> <!-- testInvalidLogin -->
        <test-method status="PASS" signature="testInvalidLogin(java.lang.String, java.lang.String, java.lang.String)[pri:1, instance:Login.testLogin@6e1ec318]" name="testInvalidLogin" duration-ms="2683" started-at="2016-11-05T14:08:39Z" data-provider="InvalidData" finished-at="2016-11-05T14:08:42Z">
          <params>
            <param index="0">
              <value>
                <![CDATA[smurphy.qa@ingramcontent.com ]]>
              </value>
            </param>
            <param index="1">
              <value>
                <![CDATA[Ingramqa!1]]>
              </value>
            </param>
            <param index="2">
              <value>
                <![CDATA[Email with a space at the very end]]>
              </value>
            </param>
          </params>
          <reporter-output>
          </reporter-output>
        </test-method> <!-- testInvalidLogin -->
        <test-method status="PASS" signature="testInvalidLogin(java.lang.String, java.lang.String, java.lang.String)[pri:1, instance:Login.testLogin@6e1ec318]" name="testInvalidLogin" duration-ms="2445" started-at="2016-11-05T14:08:42Z" data-provider="InvalidData" finished-at="2016-11-05T14:08:44Z">
          <params>
            <param index="0">
              <value>
                <![CDATA[smurphy.qa@ingramcontent.com]]>
              </value>
            </param>
            <param index="1">
              <value>
                <![CDATA[Ingramqa!1 ]]>
              </value>
            </param>
            <param index="2">
              <value>
                <![CDATA[Password with a space at the very end]]>
              </value>
            </param>
          </params>
          <reporter-output>
          </reporter-output>
        </test-method> <!-- testInvalidLogin -->
        <test-method status="PASS" signature="testInvalidLogin(java.lang.String, java.lang.String, java.lang.String)[pri:1, instance:Login.testLogin@6e1ec318]" name="testInvalidLogin" duration-ms="2337" started-at="2016-11-05T14:08:44Z" data-provider="InvalidData" finished-at="2016-11-05T14:08:46Z">
          <params>
            <param index="0">
              <value>
                <![CDATA[smurphy.qa@ingramcontent.com ]]>
              </value>
            </param>
            <param index="1">
              <value>
                <![CDATA[Ingramqa!1 ]]>
              </value>
            </param>
            <param index="2">
              <value>
                <![CDATA[Email and Password with a space at the very end]]>
              </value>
            </param>
          </params>
          <reporter-output>
          </reporter-output>
        </test-method> <!-- testInvalidLogin -->
        <test-method status="PASS" signature="testInvalidLogin(java.lang.String, java.lang.String, java.lang.String)[pri:1, instance:Login.testLogin@6e1ec318]" name="testInvalidLogin" duration-ms="2464" started-at="2016-11-05T14:08:46Z" data-provider="InvalidData" finished-at="2016-11-05T14:08:49Z">
          <params>
            <param index="0">
              <value>
                <![CDATA[ smurphy.qa@ingramcontent.com]]>
              </value>
            </param>
            <param index="1">
              <value>
                <![CDATA[Ingramqa!1]]>
              </value>
            </param>
            <param index="2">
              <value>
                <![CDATA[Email with a space at the very beginning]]>
              </value>
            </param>
          </params>
          <reporter-output>
          </reporter-output>
        </test-method> <!-- testInvalidLogin -->
        <test-method status="PASS" signature="testInvalidLogin(java.lang.String, java.lang.String, java.lang.String)[pri:1, instance:Login.testLogin@6e1ec318]" name="testInvalidLogin" duration-ms="2402" started-at="2016-11-05T14:08:49Z" data-provider="InvalidData" finished-at="2016-11-05T14:08:51Z">
          <params>
            <param index="0">
              <value>
                <![CDATA[smurphy.qa@ingramcontent.com]]>
              </value>
            </param>
            <param index="1">
              <value>
                <![CDATA[ Ingramqa!1]]>
              </value>
            </param>
            <param index="2">
              <value>
                <![CDATA[Password with a space at the very beginning]]>
              </value>
            </param>
          </params>
          <reporter-output>
          </reporter-output>
        </test-method> <!-- testInvalidLogin -->
        <test-method status="PASS" signature="testInvalidLogin(java.lang.String, java.lang.String, java.lang.String)[pri:1, instance:Login.testLogin@6e1ec318]" name="testInvalidLogin" duration-ms="2342" started-at="2016-11-05T14:08:51Z" data-provider="InvalidData" finished-at="2016-11-05T14:08:54Z">
          <params>
            <param index="0">
              <value>
                <![CDATA[ smurphy.qa@ingramcontent.com]]>
              </value>
            </param>
            <param index="1">
              <value>
                <![CDATA[ Ingramqa!1]]>
              </value>
            </param>
            <param index="2">
              <value>
                <![CDATA[Email and Password both with a space at the very beginning]]>
              </value>
            </param>
          </params>
          <reporter-output>
          </reporter-output>
        </test-method> <!-- testInvalidLogin -->
        <test-method status="PASS" signature="testInvalidLogin(java.lang.String, java.lang.String, java.lang.String)[pri:1, instance:Login.testLogin@6e1ec318]" name="testInvalidLogin" duration-ms="2416" started-at="2016-11-05T14:08:54Z" data-provider="InvalidData" finished-at="2016-11-05T14:08:56Z">
          <params>
            <param index="0">
              <value>
                <![CDATA[Smurphy.qa@ingramcontent.com]]>
              </value>
            </param>
            <param index="1">
              <value>
                <![CDATA[Ingramqa!1]]>
              </value>
            </param>
            <param index="2">
              <value>
                <![CDATA[Email with first character in CAPS]]>
              </value>
            </param>
          </params>
          <reporter-output>
          </reporter-output>
        </test-method> <!-- testInvalidLogin -->
        <test-method status="PASS" signature="testInvalidLogin(java.lang.String, java.lang.String, java.lang.String)[pri:1, instance:Login.testLogin@6e1ec318]" name="testInvalidLogin" duration-ms="2397" started-at="2016-11-05T14:08:56Z" data-provider="InvalidData" finished-at="2016-11-05T14:08:59Z">
          <params>
            <param index="0">
              <value>
                <![CDATA[smurphy.qa@ingramcontent.com]]>
              </value>
            </param>
            <param index="1">
              <value>
                <![CDATA[ingramqa!1]]>
              </value>
            </param>
            <param index="2">
              <value>
                <![CDATA[Password with first character not in CAPS]]>
              </value>
            </param>
          </params>
          <reporter-output>
          </reporter-output>
        </test-method> <!-- testInvalidLogin -->
        <test-method status="PASS" signature="testInvalidLogin(java.lang.String, java.lang.String, java.lang.String)[pri:1, instance:Login.testLogin@6e1ec318]" name="testInvalidLogin" duration-ms="2506" started-at="2016-11-05T14:08:59Z" data-provider="InvalidData" finished-at="2016-11-05T14:09:01Z">
          <params>
            <param index="0">
              <value>
                <![CDATA[Roopa.adari@ingramcontent.com]]>
              </value>
            </param>
            <param index="1">
              <value>
                <![CDATA[ingramqa!1]]>
              </value>
            </param>
            <param index="2">
              <value>
                <![CDATA[Email with first character in CAPS but Password not in CAPS]]>
              </value>
            </param>
          </params>
          <reporter-output>
          </reporter-output>
        </test-method> <!-- testInvalidLogin -->
      </class> <!-- Login.testLogin -->
    </test> <!-- Default test -->
  </suite> <!-- Default suite -->
</testng-results>
